08:31:23.776 [luke.zhou.Main.main()] DEBUG luke.zhou.Main - tdxh20/Carnegie71/sharlock@gmail.com
08:31:25.282 [Thread-1] DEBUG luke.zhou.Page - url:
08:32:02.135 [Thread-1] DEBUG luke.zhou.Page - Page title is: Travian au4
08:32:24.559 [Thread-1] DEBUG luke.zhou.Page - url:dorf1.php
08:32:37.821 [luke.zhou.Main.main()] DEBUG luke.zhou.Main - got cmd from console:info                display brief information of account
08:32:38.465 [Thread-1] DEBUG luke.zhou.Page - Village size:2
08:32:43.476 [Thread-1] DEBUG luke.zhou.TravianHelper - got cmd for helper:info                display brief information of account
08:32:43.478 [Thread-1] DEBUG luke.zhou.Page - url:http://ts4.travian.com.au/dorf1.php?newdid=69736&
08:32:51.596 [Thread-1] DEBUG luke.zhou.Page - url:http://ts4.travian.com.au/dorf1.php?newdid=3311&
08:32:59.355 [Thread-1] INFO  luke.zhou.TravianHelper - Game: Game{alarmOn=true, autoRaid=false, villages=[Village{isUnderAttack=false, name='A New Hope', lumber=58, clay=141, iron=70, crop=127}, Village{isUnderAttack=false, name='Big Bang', lumber=1089, clay=874, iron=1282, crop=2666}]}
08:33:39.955 [luke.zhou.Main.main()] DEBUG luke.zhou.Main - got cmd from console:exit                Exit program
08:33:44.381 [Thread-1] DEBUG luke.zhou.TravianHelper - got cmd for helper:exit                Exit program
08:34:10.817 [luke.zhou.Main.main()] DEBUG luke.zhou.Main - tdxh20/Carnegie71/sharlock@gmail.com
08:34:11.961 [Thread-1] DEBUG luke.zhou.Page - url:
08:34:25.745 [Thread-1] DEBUG luke.zhou.Page - Page title is: Travian au4
08:34:37.087 [Thread-1] DEBUG luke.zhou.Page - url:dorf1.php
08:34:43.474 [luke.zhou.Main.main()] DEBUG luke.zhou.Main - got cmd from console:info                display brief information of account
08:34:45.044 [Thread-1] DEBUG luke.zhou.Page - Village size:2
08:34:50.052 [Thread-1] DEBUG luke.zhou.TravianHelper - got cmd for helper:info                display brief information of account
08:34:50.054 [Thread-1] DEBUG luke.zhou.Page - url:http://ts4.travian.com.au/dorf1.php?newdid=69736&
08:34:58.578 [Thread-1] DEBUG luke.zhou.Page - url:http://ts4.travian.com.au/dorf1.php?newdid=3311&
08:35:05.077 [Thread-1] INFO  luke.zhou.TravianHelper - Game: Game{alarmOn=true, autoRaid=false, villages=[Village{isUnderAttack=false, name='A New Hope', lumber=58, clay=142, iron=70, crop=131}, Village{isUnderAttack=false, name='Big Bang', lumber=1102, clay=887, iron=1292, crop=2667}]}
08:40:00.233 [Thread-1] DEBUG luke.zhou.Page - url:dorf1.php
08:40:09.259 [Thread-1] DEBUG luke.zhou.Page - Village size:2
08:41:12.693 [luke.zhou.Main.main()] DEBUG luke.zhou.Main - got cmd from console:repeat raid         check all in the raid list, raid until stop
08:41:14.290 [Thread-1] DEBUG luke.zhou.TravianHelper - got cmd for helper:repeat raid         check all in the raid list, raid until stop
08:45:09.409 [Thread-1] DEBUG luke.zhou.Page - url:dorf1.php
08:45:20.349 [Thread-1] DEBUG luke.zhou.Page - Village size:2
08:50:20.545 [Thread-1] DEBUG luke.zhou.Page - url:dorf1.php
08:50:31.518 [Thread-1] DEBUG luke.zhou.Page - Village size:2
08:54:13.393 [luke.zhou.Main.main()] DEBUG luke.zhou.Main - got cmd from console:info                display brief information of account
08:54:16.644 [Thread-1] DEBUG luke.zhou.TravianHelper - got cmd for helper:info                display brief information of account
08:54:16.644 [Thread-1] DEBUG luke.zhou.Page - url:http://ts4.travian.com.au/dorf1.php?newdid=69736&
08:54:23.588 [Thread-1] DEBUG luke.zhou.Page - url:http://ts4.travian.com.au/dorf1.php?newdid=3311&
08:54:31.602 [Thread-1] INFO  luke.zhou.TravianHelper - Game: Game{alarmOn=true, autoRaid=true, villages=[Village{isUnderAttack=false, name='A New Hope', lumber=975, clay=656, iron=1133, crop=2707}, Village{isUnderAttack=false, name='Big Bang', lumber=975, clay=656, iron=1133, crop=2707}]}
08:55:46.652 [Thread-1] DEBUG luke.zhou.Page - url:dorf1.php
08:55:55.166 [Thread-1] DEBUG luke.zhou.Page - Village size:2
09:00:55.340 [Thread-1] DEBUG luke.zhou.Page - url:dorf1.php
09:01:05.161 [Thread-1] DEBUG luke.zhou.Page - Village size:2
09:06:05.330 [Thread-1] DEBUG luke.zhou.Page - url:dorf1.php
09:06:12.437 [Thread-1] DEBUG luke.zhou.Page - Village size:2
09:06:12.438 [Thread-1] DEBUG luke.zhou.Page - url:build.php?tt=99&id=39
09:06:28.030 [Thread-1] INFO  luke.zhou.TravianHelper - Repeat Raid: 10 raids have been made.
09:06:28.031 [Thread-1] DEBUG luke.zhou.Page - url:dorf1.php
09:06:39.225 [Thread-1] DEBUG luke.zhou.Page - Village size:2
09:07:14.504 [luke.zhou.Main.main()] DEBUG luke.zhou.Main - got cmd from console:info                display brief information of account
09:07:19.246 [Thread-1] DEBUG luke.zhou.TravianHelper - got cmd for helper:info                display brief information of account
09:07:19.247 [Thread-1] DEBUG luke.zhou.Page - url:http://ts4.travian.com.au/dorf1.php?newdid=69736&
09:07:25.532 [Thread-1] DEBUG luke.zhou.Page - url:http://ts4.travian.com.au/dorf1.php?newdid=3311&
09:07:36.062 [Thread-1] INFO  luke.zhou.TravianHelper - Game: Game{alarmOn=true, autoRaid=true, villages=[Village{isUnderAttack=false, name='A New Hope', lumber=62, clay=149, iron=72, crop=194}, Village{isUnderAttack=false, name='Big Bang', lumber=1095, clay=776, iron=1235, crop=2740}]}
09:11:56.201 [Thread-1] DEBUG luke.zhou.Page - url:dorf1.php
09:12:07.042 [Thread-1] DEBUG luke.zhou.Page - Village size:2
09:17:07.217 [Thread-1] DEBUG luke.zhou.Page - url:dorf1.php
09:17:21.032 [Thread-1] DEBUG luke.zhou.Page - Village size:2
09:19:32.085 [luke.zhou.Main.main()] DEBUG luke.zhou.Main - got cmd from console:info                display brief information of account
09:19:36.077 [Thread-1] DEBUG luke.zhou.TravianHelper - got cmd for helper:info                display brief information of account
09:19:36.077 [Thread-1] DEBUG luke.zhou.Page - url:http://ts4.travian.com.au/dorf1.php?newdid=69736&
09:19:44.700 [Thread-1] DEBUG luke.zhou.Page - url:http://ts4.travian.com.au/dorf1.php?newdid=3311&
09:19:55.718 [Thread-1] INFO  luke.zhou.TravianHelper - Game: Game{alarmOn=true, autoRaid=true, villages=[Village{isUnderAttack=false, name='A New Hope', lumber=63, clay=151, iron=73, crop=218}, Village{isUnderAttack=false, name='Big Bang', lumber=1254, clay=918, iron=1369, crop=2783}]}
09:22:40.825 [Thread-1] DEBUG luke.zhou.Page - url:dorf1.php
09:22:49.750 [Thread-1] DEBUG luke.zhou.Page - Village size:2
09:27:49.949 [Thread-1] DEBUG luke.zhou.Page - url:dorf1.php
09:27:56.635 [Thread-1] DEBUG luke.zhou.Page - Village size:2
09:32:56.842 [Thread-1] DEBUG luke.zhou.Page - url:dorf1.php
09:33:03.964 [Thread-1] DEBUG luke.zhou.Page - Village size:2
09:38:04.182 [Thread-1] DEBUG luke.zhou.Page - url:dorf1.php
09:38:13.631 [Thread-1] DEBUG luke.zhou.Page - Village size:2
09:38:13.631 [Thread-1] DEBUG luke.zhou.Page - url:build.php?tt=99&id=39
09:38:32.081 [Thread-1] INFO  luke.zhou.TravianHelper - Repeat Raid: 8 raids have been made.
09:38:32.081 [Thread-1] DEBUG luke.zhou.Page - url:dorf1.php
09:38:40.879 [Thread-1] DEBUG luke.zhou.Page - Village size:2
09:42:03.213 [luke.zhou.Main.main()] DEBUG luke.zhou.Main - got cmd from console:info                display brief information of account
09:42:06.023 [Thread-1] DEBUG luke.zhou.TravianHelper - got cmd for helper:info                display brief information of account
09:42:06.023 [Thread-1] DEBUG luke.zhou.Page - url:http://ts4.travian.com.au/dorf1.php?newdid=69736&
09:42:14.572 [Thread-1] DEBUG luke.zhou.Page - url:http://ts4.travian.com.au/dorf1.php?newdid=3311&
09:42:20.935 [Thread-1] INFO  luke.zhou.TravianHelper - Game: Game{alarmOn=true, autoRaid=true, villages=[Village{isUnderAttack=false, name='A New Hope', lumber=66, clay=156, iron=74, crop=261}, Village{isUnderAttack=false, name='Big Bang', lumber=1129, clay=689, iron=1205, crop=2825}]}
09:43:56.037 [Thread-1] DEBUG luke.zhou.Page - url:dorf1.php
09:44:06.434 [Thread-1] DEBUG luke.zhou.Page - Village size:2
09:49:06.811 [Thread-1] DEBUG luke.zhou.Page - url:dorf1.php
09:49:15.641 [Thread-1] DEBUG luke.zhou.Page - Village size:2
09:54:16.035 [Thread-1] DEBUG luke.zhou.Page - url:dorf1.php
09:54:26.409 [Thread-1] DEBUG luke.zhou.Page - Village size:2
09:59:26.661 [Thread-1] DEBUG luke.zhou.Page - url:dorf1.php
09:59:33.267 [Thread-1] DEBUG luke.zhou.Page - Village size:2
10:04:33.420 [Thread-1] DEBUG luke.zhou.Page - url:dorf1.php
10:04:44.482 [Thread-1] DEBUG luke.zhou.Page - Village size:2
10:09:44.605 [Thread-1] DEBUG luke.zhou.Page - url:dorf1.php
10:09:55.575 [Thread-1] DEBUG luke.zhou.Page - Village size:2
10:09:55.575 [Thread-1] DEBUG luke.zhou.Page - url:build.php?tt=99&id=39
10:10:11.076 [Thread-1] INFO  luke.zhou.TravianHelper - Repeat Raid: 9 raids have been made.
10:10:11.076 [Thread-1] DEBUG luke.zhou.Page - url:dorf1.php
10:10:18.886 [Thread-1] DEBUG luke.zhou.Page - Village size:2
10:15:19.058 [Thread-1] DEBUG luke.zhou.Page - url:dorf1.php
10:15:28.940 [Thread-1] DEBUG luke.zhou.Page - Village size:2
10:20:29.068 [Thread-1] DEBUG luke.zhou.Page - url:dorf1.php
10:20:38.488 [Thread-1] DEBUG luke.zhou.Page - Village size:2
10:25:38.626 [Thread-1] DEBUG luke.zhou.Page - url:dorf1.php
10:25:47.680 [Thread-1] DEBUG luke.zhou.Page - Village size:2
10:30:47.835 [Thread-1] DEBUG luke.zhou.Page - url:dorf1.php
10:30:55.366 [Thread-1] DEBUG luke.zhou.Page - Village size:2
10:35:55.523 [Thread-1] DEBUG luke.zhou.Page - url:dorf1.php
10:36:02.527 [Thread-1] DEBUG luke.zhou.Page - Village size:2
10:41:02.648 [Thread-1] DEBUG luke.zhou.Page - url:dorf1.php
10:41:10.528 [Thread-1] DEBUG luke.zhou.Page - Village size:2
10:41:10.528 [Thread-1] DEBUG luke.zhou.Page - url:build.php?tt=99&id=39
10:41:25.878 [Thread-1] INFO  luke.zhou.TravianHelper - Repeat Raid: 10 raids have been made.
10:41:25.878 [Thread-1] DEBUG luke.zhou.Page - url:dorf1.php
10:41:35.477 [Thread-1] DEBUG luke.zhou.Page - Village size:2
10:46:35.595 [Thread-1] DEBUG luke.zhou.Page - url:dorf1.php
10:46:46.818 [Thread-1] DEBUG luke.zhou.Page - Village size:2
10:51:46.976 [Thread-1] DEBUG luke.zhou.Page - url:dorf1.php
10:51:53.891 [Thread-1] DEBUG luke.zhou.Page - Village size:2
10:56:54.029 [Thread-1] DEBUG luke.zhou.Page - url:dorf1.php
10:57:04.839 [Thread-1] DEBUG luke.zhou.Page - Village size:2
11:02:04.974 [Thread-1] DEBUG luke.zhou.Page - url:dorf1.php
11:02:14.720 [Thread-1] DEBUG luke.zhou.Page - Village size:2
11:07:14.878 [Thread-1] DEBUG luke.zhou.Page - url:dorf1.php
11:07:25.136 [Thread-1] DEBUG luke.zhou.Page - Village size:2
11:12:25.261 [Thread-1] DEBUG luke.zhou.Page - url:dorf1.php
11:12:33.009 [Thread-1] DEBUG luke.zhou.Page - Village size:2
11:12:33.009 [Thread-1] DEBUG luke.zhou.Page - url:build.php?tt=99&id=39
11:12:48.903 [Thread-1] INFO  luke.zhou.TravianHelper - Repeat Raid: 10 raids have been made.
11:12:48.903 [Thread-1] DEBUG luke.zhou.Page - url:dorf1.php
11:12:58.434 [Thread-1] DEBUG luke.zhou.Page - Village size:2
11:17:58.612 [Thread-1] DEBUG luke.zhou.Page - url:dorf1.php
11:18:05.908 [Thread-1] DEBUG luke.zhou.Page - Village size:2
11:23:06.089 [Thread-1] DEBUG luke.zhou.Page - url:dorf1.php
11:23:17.020 [Thread-1] DEBUG luke.zhou.Page - Village size:2
11:24:29.459 [luke.zhou.Main.main()] DEBUG luke.zhou.Main - got cmd from console:exit                Exit program
11:24:32.068 [Thread-1] DEBUG luke.zhou.TravianHelper - got cmd for helper:exit                Exit program
11:25:30.660 [luke.zhou.Main.main()] DEBUG luke.zhou.Main - tdxh20/Carnegie71/sharlock@gmail.com
11:25:31.799 [Thread-1] DEBUG luke.zhou.Page - url:
11:25:48.720 [Thread-1] DEBUG luke.zhou.Page - Page title is: Travian au4
11:26:01.669 [Thread-1] DEBUG luke.zhou.Page - url:dorf1.php
11:26:04.943 [luke.zhou.Main.main()] DEBUG luke.zhou.Main - got cmd from console:help                display command list
11:26:11.844 [Thread-1] DEBUG luke.zhou.Page - Village size:2
11:29:21.536 [luke.zhou.Main.main()] DEBUG luke.zhou.Main - tdxh20/Carnegie71/sharlock@gmail.com
11:29:22.693 [Thread-1] DEBUG luke.zhou.Page - url:
11:29:53.237 [Thread-1] DEBUG luke.zhou.Page - Page title is: Travian au4
11:30:04.329 [Thread-1] DEBUG luke.zhou.Page - url:dorf1.php
11:30:14.401 [luke.zhou.Main.main()] DEBUG luke.zhou.Main - got cmd from console:help                display command list
11:30:16.090 [Thread-1] DEBUG luke.zhou.Page - Village size:2
11:30:18.777 [luke.zhou.Main.main()] DEBUG luke.zhou.Main - got cmd from console:info                display brief information of account
11:30:21.093 [Thread-1] DEBUG luke.zhou.TravianHelper - got cmd for helper:info                display brief information of account
11:30:21.094 [Thread-1] DEBUG luke.zhou.Page - url:http://ts4.travian.com.au/dorf1.php?newdid=69736&
11:30:30.385 [Thread-1] DEBUG luke.zhou.Page - url:http://ts4.travian.com.au/dorf1.php?newdid=3311&
11:30:37.076 [Thread-1] INFO  luke.zhou.TravianHelper - Game: Game{alarmOn=true, autoRaid=false, villages=[Village{isUnderAttack=false, name='A New Hope', lumber=45, clay=1065, iron=1020, crop=233}, Village{isUnderAttack=false, name='Big Bang', lumber=1412, clay=1377, iron=1277, crop=3273}]}
11:30:45.193 [luke.zhou.Main.main()] DEBUG luke.zhou.Main - got cmd from console:transfer            transfer resouse to new village
11:30:47.081 [Thread-1] DEBUG luke.zhou.TravianHelper - got cmd for helper:transfer            transfer resouse to new village
11:30:47.091 [Thread-1] DEBUG luke.zhou.Page - url:http://ts4.travian.com.au/dorf1.php?newdid=3311&
11:30:53.466 [Thread-1] DEBUG luke.zhou.Page - url:build.php?t=5&id=35
11:31:43.750 [luke.zhou.Main.main()] DEBUG luke.zhou.Main - got cmd from console:info                display brief information of account
11:31:45.931 [Thread-1] DEBUG luke.zhou.TravianHelper - got cmd for helper:info                display brief information of account
11:31:45.931 [Thread-1] DEBUG luke.zhou.Page - url:http://ts4.travian.com.au/dorf1.php?newdid=69736&
11:31:56.425 [Thread-1] DEBUG luke.zhou.Page - url:http://ts4.travian.com.au/dorf1.php?newdid=3311&
11:32:03.695 [Thread-1] INFO  luke.zhou.TravianHelper - Game: Game{alarmOn=true, autoRaid=false, villages=[Village{isUnderAttack=false, name='A New Hope', lumber=45, clay=1065, iron=1020, crop=237}, Village{isUnderAttack=false, name='Big Bang', lumber=1421, clay=1386, iron=1284, crop=3274}]}
11:32:47.079 [luke.zhou.Main.main()] DEBUG luke.zhou.Main - got cmd from console:transfer            transfer resouse to new village
11:32:48.729 [Thread-1] DEBUG luke.zhou.TravianHelper - got cmd for helper:transfer            transfer resouse to new village
11:32:48.730 [Thread-1] DEBUG luke.zhou.Page - url:http://ts4.travian.com.au/dorf1.php?newdid=3311&
11:32:58.447 [Thread-1] DEBUG luke.zhou.Page - url:build.php?t=5&id=35
11:33:51.973 [luke.zhou.Main.main()] DEBUG luke.zhou.Main - got cmd from console:transfer            transfer resouse to new village
11:33:53.568 [Thread-1] DEBUG luke.zhou.TravianHelper - got cmd for helper:transfer            transfer resouse to new village
11:33:53.568 [Thread-1] DEBUG luke.zhou.Page - url:http://ts4.travian.com.au/dorf1.php?newdid=3311&
11:34:00.677 [Thread-1] DEBUG luke.zhou.Page - url:build.php?t=5&id=35
11:35:44.219 [luke.zhou.Main.main()] DEBUG luke.zhou.Main - got cmd from console:exit                Exit program
11:35:45.555 [Thread-1] DEBUG luke.zhou.TravianHelper - got cmd for helper:exit                Exit program
11:37:59.851 [luke.zhou.Main.main()] DEBUG luke.zhou.Main - tdxh20/Carnegie71/sharlock@gmail.com
11:38:01.014 [Thread-1] DEBUG luke.zhou.Page - url:
11:38:19.245 [Thread-1] DEBUG luke.zhou.Page - Page title is: Travian au4
11:38:29.836 [Thread-1] DEBUG luke.zhou.Page - url:dorf1.php
11:38:39.686 [Thread-1] DEBUG luke.zhou.Page - Village size:2
11:40:14.427 [luke.zhou.Main.main()] DEBUG luke.zhou.Main - got cmd from console:info                display brief information of account
11:40:14.761 [Thread-1] DEBUG luke.zhou.TravianHelper - got cmd for helper:info                display brief information of account
11:40:14.762 [Thread-1] DEBUG luke.zhou.Page - url:http://ts4.travian.com.au/dorf1.php?newdid=69736&
11:40:22.658 [Thread-1] DEBUG luke.zhou.Page - url:http://ts4.travian.com.au/dorf1.php?newdid=3311&
11:40:29.653 [Thread-1] INFO  luke.zhou.TravianHelper - Game: Game{alarmOn=true, autoRaid=false, villages=[Village{isUnderAttack=false, name='A New Hope', lumber=47, clay=1067, iron=1020, crop=258}, Village{isUnderAttack=false, name='Big Bang', lumber=1519, clay=1493, iron=1366, crop=3277}]}
11:40:33.684 [luke.zhou.Main.main()] DEBUG luke.zhou.Main - got cmd from console:help                display command list
11:40:36.603 [luke.zhou.Main.main()] DEBUG luke.zhou.Main - got cmd from console:transfer            transfer resouse to new village
11:40:39.663 [Thread-1] DEBUG luke.zhou.TravianHelper - got cmd for helper:transfer            transfer resouse to new village
11:40:39.666 [Thread-1] DEBUG luke.zhou.Page - url:http://ts4.travian.com.au/dorf1.php?newdid=3311&
11:40:50.038 [Thread-1] DEBUG luke.zhou.Page - url:build.php?t=5&id=35
11:43:33.272 [luke.zhou.Main.main()] DEBUG luke.zhou.Main - got cmd from console:exit                Exit program
11:43:37.530 [Thread-1] DEBUG luke.zhou.TravianHelper - got cmd for helper:exit                Exit program
11:45:08.016 [luke.zhou.Main.main()] DEBUG luke.zhou.Main - tdxh20/Carnegie71/sharlock@gmail.com
11:45:09.183 [Thread-1] DEBUG luke.zhou.Page - url:
11:45:30.698 [Thread-1] DEBUG luke.zhou.Page - Page title is: Travian au4
11:45:43.950 [Thread-1] DEBUG luke.zhou.Page - url:dorf1.php
11:45:51.688 [luke.zhou.Main.main()] DEBUG luke.zhou.Main - got cmd from console:transfer            transfer resouse to new village
11:45:53.448 [Thread-1] DEBUG luke.zhou.Page - Village size:2
11:45:58.454 [Thread-1] DEBUG luke.zhou.TravianHelper - got cmd for helper:transfer            transfer resouse to new village
11:45:58.459 [Thread-1] DEBUG luke.zhou.Page - url:http://ts4.travian.com.au/dorf1.php?newdid=3311&
11:46:06.047 [Thread-1] DEBUG luke.zhou.Page - url:build.php?t=5&id=35
11:46:33.486 [Thread-1] INFO  luke.zhou.TravianHelper - Send Resource: Resources have been dispatched
11:46:44.152 [luke.zhou.Main.main()] DEBUG luke.zhou.Main - got cmd from console:info                display brief information of account
11:46:48.499 [Thread-1] DEBUG luke.zhou.TravianHelper - got cmd for helper:info                display brief information of account
11:46:48.500 [Thread-1] DEBUG luke.zhou.Page - url:http://ts4.travian.com.au/dorf1.php?newdid=69736&
11:46:56.673 [Thread-1] DEBUG luke.zhou.Page - url:http://ts4.travian.com.au/dorf1.php?newdid=3311&
11:47:05.922 [Thread-1] INFO  luke.zhou.TravianHelper - Game: Game{alarmOn=true, autoRaid=false, villages=[Village{isUnderAttack=false, name='A New Hope', lumber=48, clay=1068, iron=1021, crop=275}, Village{isUnderAttack=false, name='Big Bang', lumber=1017, clay=795, iron=831, crop=3305}]}
11:48:22.040 [luke.zhou.Main.main()] DEBUG luke.zhou.Main - got cmd from console:repeat raid         check all in the raid list, raid until stop
11:48:25.984 [Thread-1] DEBUG luke.zhou.TravianHelper - got cmd for helper:repeat raid         check all in the raid list, raid until stop
11:51:46.124 [Thread-1] DEBUG luke.zhou.Page - url:dorf1.php
11:51:53.435 [Thread-1] DEBUG luke.zhou.Page - Village size:2
11:56:53.647 [Thread-1] DEBUG luke.zhou.Page - url:dorf1.php
11:57:04.217 [Thread-1] DEBUG luke.zhou.Page - Village size:2
12:02:04.381 [Thread-1] DEBUG luke.zhou.Page - url:dorf1.php
12:02:15.119 [Thread-1] DEBUG luke.zhou.Page - Village size:2
12:07:15.214 [Thread-1] DEBUG luke.zhou.Page - url:dorf1.php
12:07:26.107 [Thread-1] DEBUG luke.zhou.Page - Village size:2
12:12:26.206 [Thread-1] DEBUG luke.zhou.Page - url:dorf1.php
12:12:32.763 [Thread-1] DEBUG luke.zhou.Page - Village size:2
12:17:32.925 [Thread-1] DEBUG luke.zhou.Page - url:dorf1.php
12:17:42.635 [Thread-1] DEBUG luke.zhou.Page - Village size:2
12:17:42.635 [Thread-1] DEBUG luke.zhou.Page - url:build.php?tt=99&id=39
12:18:03.858 [Thread-1] INFO  luke.zhou.TravianHelper - Repeat Raid: 10 raids have been made.
12:18:03.858 [Thread-1] DEBUG luke.zhou.Page - url:dorf1.php
12:18:14.467 [Thread-1] DEBUG luke.zhou.Page - Village size:2
12:23:14.638 [Thread-1] DEBUG luke.zhou.Page - url:dorf1.php
12:23:21.331 [Thread-1] DEBUG luke.zhou.Page - Village size:2
12:28:21.468 [Thread-1] DEBUG luke.zhou.Page - url:dorf1.php
12:28:32.138 [Thread-1] DEBUG luke.zhou.Page - Village size:2
12:31:04.940 [luke.zhou.Main.main()] DEBUG luke.zhou.Main - got cmd from console:transfer            transfer resouse to new village
12:31:07.205 [Thread-1] DEBUG luke.zhou.TravianHelper - got cmd for helper:transfer            transfer resouse to new village
12:31:07.205 [Thread-1] DEBUG luke.zhou.Page - url:http://ts4.travian.com.au/dorf1.php?newdid=3311&
12:31:17.943 [Thread-1] DEBUG luke.zhou.Page - url:build.php?t=5&id=35
12:31:41.744 [Thread-1] INFO  luke.zhou.TravianHelper - Send Resource: Resources have been dispatched
12:34:06.824 [Thread-1] DEBUG luke.zhou.Page - url:dorf1.php
12:34:17.415 [Thread-1] DEBUG luke.zhou.Page - Village size:2
12:39:17.562 [Thread-1] DEBUG luke.zhou.Page - url:dorf1.php
12:39:25.247 [Thread-1] DEBUG luke.zhou.Page - Village size:2
12:44:25.414 [Thread-1] DEBUG luke.zhou.Page - url:dorf1.php
12:44:32.114 [Thread-1] DEBUG luke.zhou.Page - Village size:2
12:49:32.270 [Thread-1] DEBUG luke.zhou.Page - url:dorf1.php
12:49:40.039 [Thread-1] DEBUG luke.zhou.Page - Village size:2
12:49:40.039 [Thread-1] DEBUG luke.zhou.Page - url:build.php?tt=99&id=39
12:49:58.873 [Thread-1] INFO  luke.zhou.TravianHelper - Repeat Raid: 9 raids have been made.
12:49:58.873 [Thread-1] DEBUG luke.zhou.Page - url:dorf1.php
12:50:07.571 [Thread-1] DEBUG luke.zhou.Page - Village size:2
12:55:07.742 [Thread-1] DEBUG luke.zhou.Page - url:dorf1.php
12:55:15.259 [Thread-1] DEBUG luke.zhou.Page - Village size:2
13:00:15.427 [Thread-1] DEBUG luke.zhou.Page - url:dorf1.php
13:00:21.866 [Thread-1] DEBUG luke.zhou.Page - Village size:2
13:05:22.024 [Thread-1] DEBUG luke.zhou.Page - url:dorf1.php
13:05:31.364 [Thread-1] DEBUG luke.zhou.Page - Village size:2
13:10:31.535 [Thread-1] DEBUG luke.zhou.Page - url:dorf1.php
13:10:40.140 [Thread-1] DEBUG luke.zhou.Page - Village size:2
13:15:40.323 [Thread-1] DEBUG luke.zhou.Page - url:dorf1.php
13:15:49.968 [Thread-1] DEBUG luke.zhou.Page - Village size:2
13:20:50.152 [Thread-1] DEBUG luke.zhou.Page - url:dorf1.php
13:21:00.877 [Thread-1] DEBUG luke.zhou.Page - Village size:2
13:21:00.877 [Thread-1] DEBUG luke.zhou.Page - url:build.php?tt=99&id=39
13:21:20.891 [Thread-1] INFO  luke.zhou.TravianHelper - Repeat Raid: 9 raids have been made.
13:21:20.891 [Thread-1] DEBUG luke.zhou.Page - url:dorf1.php
13:21:30.272 [Thread-1] DEBUG luke.zhou.Page - Village size:2
13:26:30.544 [Thread-1] DEBUG luke.zhou.Page - url:dorf1.php
13:26:37.833 [Thread-1] DEBUG luke.zhou.Page - Village size:2
13:31:38.238 [Thread-1] DEBUG luke.zhou.Page - url:dorf1.php
13:31:44.233 [Thread-1] DEBUG luke.zhou.Page - Village size:2
13:36:44.586 [Thread-1] DEBUG luke.zhou.Page - url:dorf1.php
13:36:53.729 [Thread-1] DEBUG luke.zhou.Page - Village size:2
13:41:54.140 [Thread-1] DEBUG luke.zhou.Page - url:dorf1.php
13:42:01.296 [Thread-1] DEBUG luke.zhou.Page - Village size:2
13:47:01.446 [Thread-1] DEBUG luke.zhou.Page - url:dorf1.php
13:47:12.222 [Thread-1] DEBUG luke.zhou.Page - Village size:2
13:52:12.390 [Thread-1] DEBUG luke.zhou.Page - url:dorf1.php
13:52:21.794 [luke.zhou.Main.main()] DEBUG luke.zhou.Main - got cmd from console:transfer            transfer resouse to new village
13:52:22.882 [Thread-1] DEBUG luke.zhou.Page - Village size:2
13:52:22.882 [Thread-1] DEBUG luke.zhou.Page - url:build.php?tt=99&id=39
13:52:39.717 [Thread-1] INFO  luke.zhou.TravianHelper - Repeat Raid: 9 raids have been made.
13:52:39.718 [Thread-1] DEBUG luke.zhou.Page - url:dorf1.php
13:52:50.386 [Thread-1] DEBUG luke.zhou.Page - Village size:2
13:52:55.387 [Thread-1] DEBUG luke.zhou.TravianHelper - got cmd for helper:transfer            transfer resouse to new village
13:52:55.388 [Thread-1] DEBUG luke.zhou.Page - url:http://ts4.travian.com.au/dorf1.php?newdid=3311&
13:53:03.335 [Thread-1] DEBUG luke.zhou.Page - url:build.php?t=5&id=35
13:53:33.090 [Thread-1] INFO  luke.zhou.TravianHelper - Send Resource: Resources have been dispatched
13:58:28.264 [Thread-1] DEBUG luke.zhou.Page - url:dorf1.php
13:58:38.978 [Thread-1] DEBUG luke.zhou.Page - Village size:2
14:03:39.117 [Thread-1] DEBUG luke.zhou.Page - url:dorf1.php
14:03:47.995 [Thread-1] DEBUG luke.zhou.Page - Village size:2
14:08:48.172 [Thread-1] DEBUG luke.zhou.Page - url:dorf1.php
14:08:55.067 [Thread-1] DEBUG luke.zhou.Page - Village size:2
14:13:55.212 [Thread-1] DEBUG luke.zhou.Page - url:dorf1.php
14:14:03.079 [Thread-1] DEBUG luke.zhou.Page - Village size:2
14:19:03.233 [Thread-1] DEBUG luke.zhou.Page - url:dorf1.php
14:19:12.442 [Thread-1] DEBUG luke.zhou.Page - Village size:2
14:24:12.606 [Thread-1] DEBUG luke.zhou.Page - url:dorf1.php
14:24:23.354 [Thread-1] DEBUG luke.zhou.Page - Village size:2
14:24:23.354 [Thread-1] DEBUG luke.zhou.Page - url:build.php?tt=99&id=39
14:24:39.011 [Thread-1] INFO  luke.zhou.TravianHelper - Repeat Raid: 9 raids have been made.
14:24:39.011 [Thread-1] DEBUG luke.zhou.Page - url:dorf1.php
14:24:47.470 [Thread-1] DEBUG luke.zhou.Page - Village size:2
14:29:47.612 [Thread-1] DEBUG luke.zhou.Page - url:dorf1.php
14:29:57.877 [Thread-1] DEBUG luke.zhou.Page - Village size:2
14:34:58.069 [Thread-1] DEBUG luke.zhou.Page - url:dorf1.php
14:35:07.410 [Thread-1] DEBUG luke.zhou.Page - Village size:2
14:40:07.572 [Thread-1] DEBUG luke.zhou.Page - url:dorf1.php
14:40:15.114 [Thread-1] DEBUG luke.zhou.Page - Village size:2
14:41:40.625 [luke.zhou.Main.main()] DEBUG luke.zhou.Main - got cmd from console:info                display brief information of account
14:41:45.170 [Thread-1] DEBUG luke.zhou.TravianHelper - got cmd for helper:info                display brief information of account
14:41:45.170 [Thread-1] DEBUG luke.zhou.Page - url:http://ts4.travian.com.au/dorf1.php?newdid=69736&
14:41:56.416 [Thread-1] DEBUG luke.zhou.Page - url:http://ts4.travian.com.au/dorf1.php?newdid=3311&
14:42:06.986 [Thread-1] INFO  luke.zhou.TravianHelper - Game: Game{alarmOn=true, autoRaid=true, villages=[Village{isUnderAttack=false, name='A New Hope', lumber=427, clay=856, iron=1530, crop=320}, Village{isUnderAttack=false, name='Big Bang', lumber=307, clay=756, iron=594, crop=3508}]}
14:45:37.102 [Thread-1] DEBUG luke.zhou.Page - url:dorf1.php
14:45:48.171 [Thread-1] DEBUG luke.zhou.Page - Village size:2
14:50:48.316 [Thread-1] DEBUG luke.zhou.Page - url:dorf1.php
14:50:57.560 [Thread-1] DEBUG luke.zhou.Page - Village size:2
14:55:57.720 [Thread-1] DEBUG luke.zhou.Page - url:dorf1.php
14:56:06.567 [Thread-1] DEBUG luke.zhou.Page - Village size:2
14:56:06.567 [Thread-1] DEBUG luke.zhou.Page - url:build.php?tt=99&id=39
14:56:24.360 [Thread-1] INFO  luke.zhou.TravianHelper - Repeat Raid: 9 raids have been made.
14:56:24.360 [Thread-1] DEBUG luke.zhou.Page - url:dorf1.php
14:56:33.066 [Thread-1] DEBUG luke.zhou.Page - Village size:2
15:01:33.240 [Thread-1] DEBUG luke.zhou.Page - url:dorf1.php
15:01:43.010 [Thread-1] DEBUG luke.zhou.Page - Village size:2
15:06:43.173 [Thread-1] DEBUG luke.zhou.Page - url:dorf1.php
15:06:49.814 [Thread-1] DEBUG luke.zhou.Page - Village size:2
15:08:06.096 [luke.zhou.Main.main()] DEBUG luke.zhou.Main - got cmd from console:transfer            transfer resouse to new village
15:08:09.862 [Thread-1] DEBUG luke.zhou.TravianHelper - got cmd for helper:transfer            transfer resouse to new village
15:08:09.863 [Thread-1] DEBUG luke.zhou.Page - url:http://ts4.travian.com.au/dorf1.php?newdid=3311&
15:08:16.904 [Thread-1] DEBUG luke.zhou.Page - url:build.php?t=5&id=35
15:08:41.145 [Thread-1] INFO  luke.zhou.TravianHelper - Send Resource: Resources have been dispatched
15:12:21.257 [Thread-1] DEBUG luke.zhou.Page - url:dorf1.php
15:12:30.858 [Thread-1] DEBUG luke.zhou.Page - Village size:2
15:16:00.901 [luke.zhou.Main.main()] DEBUG luke.zhou.Main - got cmd from console:transfer            transfer resouse to new village
15:16:00.961 [Thread-1] DEBUG luke.zhou.TravianHelper - got cmd for helper:transfer            transfer resouse to new village
15:16:00.962 [Thread-1] DEBUG luke.zhou.Page - url:http://ts4.travian.com.au/dorf1.php?newdid=3311&
15:16:10.341 [Thread-1] DEBUG luke.zhou.Page - url:build.php?t=5&id=35
15:16:32.552 [Thread-1] INFO  luke.zhou.TravianHelper - Send Resource: Resources have been dispatched
15:18:02.592 [Thread-1] DEBUG luke.zhou.Page - url:dorf1.php
15:18:09.073 [Thread-1] DEBUG luke.zhou.Page - Village size:2
15:23:09.216 [Thread-1] DEBUG luke.zhou.Page - url:dorf1.php
15:23:17.036 [Thread-1] DEBUG luke.zhou.Page - Village size:2
15:28:17.204 [Thread-1] DEBUG luke.zhou.Page - url:dorf1.php
15:28:26.398 [Thread-1] DEBUG luke.zhou.Page - Village size:2
15:28:26.398 [Thread-1] DEBUG luke.zhou.Page - url:build.php?tt=99&id=39
15:28:46.218 [Thread-1] INFO  luke.zhou.TravianHelper - Repeat Raid: 9 raids have been made.
15:28:46.218 [Thread-1] DEBUG luke.zhou.Page - url:dorf1.php
15:28:54.280 [Thread-1] DEBUG luke.zhou.Page - Village size:2
15:33:54.411 [Thread-1] DEBUG luke.zhou.Page - url:dorf1.php
15:34:05.550 [Thread-1] DEBUG luke.zhou.Page - Village size:2
15:39:05.680 [Thread-1] DEBUG luke.zhou.Page - url:dorf1.php
15:39:13.822 [Thread-1] DEBUG luke.zhou.Page - Village size:2
15:44:13.953 [Thread-1] DEBUG luke.zhou.Page - url:dorf1.php
15:44:24.164 [Thread-1] DEBUG luke.zhou.Page - Village size:2
15:49:24.328 [Thread-1] DEBUG luke.zhou.Page - url:dorf1.php
15:49:34.274 [Thread-1] DEBUG luke.zhou.Page - Village size:2
